mode: set
findDiff/common/util.go:9.64,11.32 2 1
findDiff/common/util.go:23.2,23.8 1 1
findDiff/common/util.go:11.32,12.22 1 1
findDiff/common/util.go:12.22,13.48 1 1
findDiff/common/util.go:16.4,16.88 1 1
findDiff/common/util.go:13.48,14.13 1 1
findDiff/common/util.go:17.9,21.4 2 1
findDiff/common/util.go:28.46,30.27 2 1
findDiff/common/util.go:34.2,34.27 1 1
findDiff/common/util.go:40.2,40.15 1 1
findDiff/common/util.go:30.27,32.3 1 1
findDiff/common/util.go:34.27,36.17 2 1
findDiff/common/util.go:36.17,38.4 1 1
findDiff/common/util.go:44.50,47.27 3 1
findDiff/common/util.go:51.2,51.27 1 1
findDiff/common/util.go:57.2,57.11 1 1
findDiff/common/util.go:47.27,49.3 1 1
findDiff/common/util.go:51.27,53.17 2 1
findDiff/common/util.go:53.17,55.4 1 1
findDiff/common/util.go:61.51,65.26 4 1
findDiff/common/util.go:69.2,69.31 1 1
findDiff/common/util.go:75.2,75.11 1 1
findDiff/common/util.go:65.26,67.3 1 1
findDiff/common/util.go:69.31,71.17 2 1
findDiff/common/util.go:71.17,73.4 1 1
findDiff/common/util.go:80.54,84.26 4 1
findDiff/common/util.go:88.2,90.33 2 1
findDiff/common/util.go:96.2,96.11 1 1
findDiff/common/util.go:84.26,86.3 1 1
findDiff/common/util.go:90.33,92.17 2 1
findDiff/common/util.go:92.17,94.4 1 1
